<?xml version="1.0" encoding="UTF-8"?>
<!-- Generated by org.testng.reporters.JUnitReportReporter -->
<testsuite name="com.shopclues.steps.ShopCluesTest" tests="1" time="236.242" ignored="0" failures="0" timestamp="12 Jan 2018 12:34:10 GMT" skipped="0" hostname="ICPL11467" errors="0">
  <testcase name="stepsFlow" time="236.242" classname="com.shopclues.steps.ShopCluesTest"/>
</testsuite> <!-- com.shopclues.steps.ShopCluesTest -->
